<?xml version="1.0" encoding="UTF-8"?>
<!-- Generated by org.testng.reporters.JUnitXMLReporter -->
<testsuite ignored="0" hostname="BDC7-L-72000NF" failures="0" tests="3" name="Default test" time="115.297" errors="0" timestamp="2020-01-20T18:06:45 IST">
  <testcase classname="salesforceTestCases.AccountsTest" name="goToAccountPage" time="58.135"/>
  <testcase classname="salesforceTestCases.AccountsTest" name="createanAccount" time="11.097"/>
  <testcase classname="salesforceTestCases.AccountsTest" name="DeleteanAccount" time="16.772"/>
</testsuite> <!-- Default test -->
