<?xml version="1.0" encoding="UTF-8"?>
<!-- Generated by org.testng.reporters.JUnitXMLReporter -->
<testsuite ignored="0" hostname="BDC7-L-72000NF" failures="0" tests="3" name="AccountTest" time="115.903" errors="0" timestamp="2020-01-20T23:45:33 IST">
  <testcase classname="salesforceTestCases.AccountsTest" name="goToAccountPage" time="66.209"/>
  <testcase classname="salesforceTestCases.AccountsTest" name="createanAccount" time="11.68"/>
  <testcase classname="salesforceTestCases.AccountsTest" name="DeleteanAccount" time="8.342"/>
</testsuite> <!-- AccountTest -->
