<?xml version="1.0" encoding="UTF-8"?>
<!-- Generated by org.testng.reporters.JUnitXMLReporter -->
<testsuite ignored="0" hostname="BDC7-L-72000NF" failures="0" tests="3" name="LoginTest" time="101.453" errors="0" timestamp="2020-01-19T22:55:03 IST">
  <testcase classname="salesforceTestCases.LoginTest" name="SalesforceLogin" time="73.446"/>
  <testcase classname="salesforceTestCases.LoginTest" name="VerifySalesOrgTest" time="0.041"/>
  <testcase classname="salesforceTestCases.LoginTest" name="logout" time="0.828"/>
</testsuite> <!-- LoginTest -->
