<?xml version="1.0" encoding="UTF-8"?>
<!-- Generated by org.testng.reporters.JUnitXMLReporter -->
<testsuite ignored="0" hostname="BDC7-L-72000NF" failures="0" tests="3" name="LoginTest" time="92.026" errors="0" timestamp="2020-01-20T12:07:56 IST">
  <testcase classname="salesforceTestCases.LoginTest" name="SalesforceLogin" time="66.143"/>
  <testcase classname="salesforceTestCases.LoginTest" name="VerifySalesOrgTest" time="0.105"/>
  <testcase classname="salesforceTestCases.LoginTest" name="logout" time="3.822"/>
</testsuite> <!-- LoginTest -->
