<?xml version="1.0" encoding="UTF-8"?>
<!-- Generated by org.testng.reporters.JUnitXMLReporter -->
<testsuite ignored="0" hostname="BDC7-L-72000NF" failures="0" tests="3" name="OpportunityTest" time="126.914" errors="0" timestamp="2020-01-20T20:54:34 IST">
  <testcase classname="salesforceTestCases.OpportunitiesTest" name="goToOpportunitiesPage" time="67.86"/>
  <testcase classname="salesforceTestCases.OpportunitiesTest" name="createNewOpportunity" time="10.885"/>
  <testcase classname="salesforceTestCases.OpportunitiesTest" name="DeleteOpportunity" time="5.505"/>
</testsuite> <!-- OpportunityTest -->
