<?xml version="1.0" encoding="UTF-8"?>
<!-- Generated by org.testng.reporters.JUnitXMLReporter -->
<testsuite ignored="0" hostname="BDC7-L-72000NF" failures="0" tests="3" name="OpportunityTest" time="138.843" errors="0" timestamp="2020-01-20T23:47:52 IST">
  <testcase classname="salesforceTestCases.OpportunitiesTest" name="goToOpportunitiesPage" time="64.681"/>
  <testcase classname="salesforceTestCases.OpportunitiesTest" name="createNewOpportunity" time="36.209"/>
  <testcase classname="salesforceTestCases.OpportunitiesTest" name="DeleteOpportunity" time="9.352"/>
</testsuite> <!-- OpportunityTest -->
