<?xml version="1.0" encoding="UTF-8"?>
<testsuite name="AccountTest"
           tests="3"
           failures="0"
           errors="0"
           skipped="0"
           time="90.178">
  <properties />
  
  
            <testcase name="createanAccount" time="15.629" classname="salesforceTestCases.AccountsTest" />
                <testcase name="goToAccountPage" time="67.460" classname="salesforceTestCases.AccountsTest" />
                <testcase name="DeleteanAccount" time="7.089" classname="salesforceTestCases.AccountsTest" />
      
</testsuite>
