<?xml version="1.0" encoding="UTF-8"?>
<testsuite name="LoginTest"
           tests="3"
           failures="0"
           errors="0"
           skipped="0"
           time="72.575">
  <properties />
  
  
            <testcase name="VerifySalesOrgTest" time="0.042" classname="salesforceTestCases.LoginTest" />
                <testcase name="logout" time="0.855" classname="salesforceTestCases.LoginTest" />
                <testcase name="SalesforceLogin" time="71.678" classname="salesforceTestCases.LoginTest" />
      
</testsuite>
