<?xml version="1.0" encoding="UTF-8"?>
<testsuite name="OpportunityTest"
           tests="3"
           failures="0"
           errors="0"
           skipped="0"
           time="110.242">
  <properties />
  
  
            <testcase name="DeleteOpportunity" time="9.352" classname="salesforceTestCases.OpportunitiesTest" />
                <testcase name="goToOpportunitiesPage" time="64.681" classname="salesforceTestCases.OpportunitiesTest" />
                <testcase name="createNewOpportunity" time="36.209" classname="salesforceTestCases.OpportunitiesTest" />
      
</testsuite>
