<?xml version="1.0" encoding="UTF-8"?>
<testsuite name="LoginTest"
           tests="3"
           failures="0"
           errors="0"
           skipped="0"
           time="74.315">
  <properties />
  
  
            <testcase name="SalesforceLogin" time="73.446" classname="salesforceTestCases.LoginTest" />
                <testcase name="VerifySalesOrgTest" time="0.041" classname="salesforceTestCases.LoginTest" />
                <testcase name="logout" time="0.828" classname="salesforceTestCases.LoginTest" />
      
</testsuite>
