<?xml version="1.0" encoding="UTF-8"?>
<testng-results ignored="0" total="6" passed="6" failed="0" skipped="0">
  <reporter-output>
  </reporter-output>
  <suite started-at="2020-01-19T15:16:27 IST" name="SalesforceLogin" finished-at="2020-01-19T15:18:13 IST" duration-ms="106500">
    <groups>
    </groups>
    <test started-at="2020-01-19T15:16:27 IST" name="LoginTest" finished-at="2020-01-19T15:16:59 IST" duration-ms="31935">
      <class name="salesforceTestCases.LoginTest">
        <test-method is-config="true" signature="initialize()[pri:0, instance:salesforceTestCases.LoginTest@37918c79]" started-at="2020-01-19T15:16:27 IST" name="initialize" finished-at="2020-01-19T15:16:51 IST" duration-ms="24071" status="PASS">
          <reporter-output>
          </reporter-output>
        </test-method> <!-- initialize -->
        <test-method signature="login1()[pri:1, instance:salesforceTestCases.LoginTest@37918c79]" started-at="2020-01-19T15:16:51 IST" name="login1" finished-at="2020-01-19T15:16:58 IST" duration-ms="6610" status="PASS">
          <reporter-output>
          </reporter-output>
        </test-method> <!-- login1 -->
        <test-method signature="Login2()[pri:2, instance:salesforceTestCases.LoginTest@37918c79]" started-at="2020-01-19T15:16:58 IST" name="Login2" finished-at="2020-01-19T15:16:58 IST" duration-ms="58" status="PASS">
          <reporter-output>
          </reporter-output>
        </test-method> <!-- Login2 -->
        <test-method is-config="true" signature="tearDown()[pri:0, instance:salesforceTestCases.LoginTest@37918c79]" started-at="2020-01-19T15:16:58 IST" name="tearDown" finished-at="2020-01-19T15:16:59 IST" duration-ms="1128" status="PASS">
          <reporter-output>
          </reporter-output>
        </test-method> <!-- tearDown -->
      </class> <!-- salesforceTestCases.LoginTest -->
    </test> <!-- LoginTest -->
    <test started-at="2020-01-19T15:16:59 IST" name="AccountTest" finished-at="2020-01-19T15:17:37 IST" duration-ms="37709">
      <class name="salesforceTestCases.AccountsTest">
        <test-method is-config="true" signature="initialize()[pri:0, instance:salesforceTestCases.AccountsTest@3c9d0b9d]" started-at="2020-01-19T15:16:59 IST" name="initialize" finished-at="2020-01-19T15:17:21 IST" duration-ms="21721" status="PASS">
          <reporter-output>
          </reporter-output>
        </test-method> <!-- initialize -->
        <test-method signature="goToAccountPage()[pri:1, instance:salesforceTestCases.AccountsTest@3c9d0b9d]" started-at="2020-01-19T15:17:21 IST" name="goToAccountPage" finished-at="2020-01-19T15:17:27 IST" duration-ms="5849" status="PASS">
          <reporter-output>
          </reporter-output>
        </test-method> <!-- goToAccountPage -->
        <test-method signature="createanAccount()[pri:2, instance:salesforceTestCases.AccountsTest@3c9d0b9d]" started-at="2020-01-19T15:17:27 IST" name="createanAccount" finished-at="2020-01-19T15:17:35 IST" duration-ms="8817" status="PASS">
          <reporter-output>
          </reporter-output>
        </test-method> <!-- createanAccount -->
        <test-method is-config="true" signature="tearDown()[pri:0, instance:salesforceTestCases.AccountsTest@3c9d0b9d]" started-at="2020-01-19T15:17:35 IST" name="tearDown" finished-at="2020-01-19T15:17:37 IST" duration-ms="1311" status="PASS">
          <reporter-output>
          </reporter-output>
        </test-method> <!-- tearDown -->
      </class> <!-- salesforceTestCases.AccountsTest -->
    </test> <!-- AccountTest -->
    <test started-at="2020-01-19T15:17:37 IST" name="OpportunityTest" finished-at="2020-01-19T15:18:13 IST" duration-ms="36734">
      <class name="salesforceTestCases.OpportunitiesTest">
        <test-method is-config="true" signature="initialize()[pri:0, instance:salesforceTestCases.OpportunitiesTest@12b0404f]" started-at="2020-01-19T15:17:37 IST" name="initialize" finished-at="2020-01-19T15:18:00 IST" duration-ms="23050" status="PASS">
          <reporter-output>
          </reporter-output>
        </test-method> <!-- initialize -->
        <test-method signature="goToOpportunitiesPage()[pri:1, instance:salesforceTestCases.OpportunitiesTest@12b0404f]" started-at="2020-01-19T15:18:00 IST" name="goToOpportunitiesPage" finished-at="2020-01-19T15:18:07 IST" duration-ms="6895" status="PASS">
          <reporter-output>
          </reporter-output>
        </test-method> <!-- goToOpportunitiesPage -->
        <test-method signature="createNewOpportunity()[pri:2, instance:salesforceTestCases.OpportunitiesTest@12b0404f]" started-at="2020-01-19T15:18:07 IST" name="createNewOpportunity" finished-at="2020-01-19T15:18:12 IST" duration-ms="5713" status="PASS">
          <reporter-output>
          </reporter-output>
        </test-method> <!-- createNewOpportunity -->
        <test-method is-config="true" signature="tearDown()[pri:0, instance:salesforceTestCases.OpportunitiesTest@12b0404f]" started-at="2020-01-19T15:18:12 IST" name="tearDown" finished-at="2020-01-19T15:18:13 IST" duration-ms="1070" status="PASS">
          <reporter-output>
          </reporter-output>
        </test-method> <!-- tearDown -->
      </class> <!-- salesforceTestCases.OpportunitiesTest -->
    </test> <!-- OpportunityTest -->
  </suite> <!-- SalesforceLogin -->
</testng-results>
