<?xml version="1.0" encoding="UTF-8"?>
<testng-results ignored="0" total="3" passed="3" failed="0" skipped="0">
  <reporter-output>
  </reporter-output>
  <suite started-at="2020-01-20T21:22:58 IST" name="Default suite" finished-at="2020-01-20T21:24:53 IST" duration-ms="115486">
    <groups>
    </groups>
    <test started-at="2020-01-20T21:22:58 IST" name="Default test" finished-at="2020-01-20T21:24:53 IST" duration-ms="115486">
      <class name="salesforceTestCases.LoginTest">
        <test-method is-config="true" signature="initialize()[pri:0, instance:salesforceTestCases.LoginTest@769e7ee8]" started-at="2020-01-20T21:22:58 IST" name="initialize" finished-at="2020-01-20T21:23:37 IST" duration-ms="39534" status="PASS">
          <reporter-output>
          </reporter-output>
        </test-method> <!-- initialize -->
        <test-method signature="SalesforceLogin()[pri:1, instance:salesforceTestCases.LoginTest@769e7ee8]" started-at="2020-01-20T21:23:37 IST" name="SalesforceLogin" finished-at="2020-01-20T21:24:50 IST" duration-ms="73100" status="PASS">
          <reporter-output>
          </reporter-output>
        </test-method> <!-- SalesforceLogin -->
        <test-method signature="VerifySalesOrgTest()[pri:2, instance:salesforceTestCases.LoginTest@769e7ee8]" started-at="2020-01-20T21:24:50 IST" name="VerifySalesOrgTest" finished-at="2020-01-20T21:24:50 IST" duration-ms="91" status="PASS">
          <reporter-output>
          </reporter-output>
        </test-method> <!-- VerifySalesOrgTest -->
        <test-method signature="logout()[pri:3, instance:salesforceTestCases.LoginTest@769e7ee8]" started-at="2020-01-20T21:24:50 IST" name="logout" finished-at="2020-01-20T21:24:52 IST" duration-ms="1232" status="PASS">
          <reporter-output>
          </reporter-output>
        </test-method> <!-- logout -->
        <test-method is-config="true" signature="close()[pri:0, instance:salesforceTestCases.LoginTest@769e7ee8]" started-at="2020-01-20T21:24:52 IST" name="close" finished-at="2020-01-20T21:24:53 IST" duration-ms="1443" status="PASS">
          <reporter-output>
          </reporter-output>
        </test-method> <!-- close -->
        <test-method is-config="true" signature="tearDown()[pri:0, instance:salesforceTestCases.LoginTest@769e7ee8]" started-at="2020-01-20T21:24:53 IST" name="tearDown" finished-at="2020-01-20T21:24:54 IST" duration-ms="1003" status="PASS">
          <reporter-output>
          </reporter-output>
        </test-method> <!-- tearDown -->
      </class> <!-- salesforceTestCases.LoginTest -->
    </test> <!-- Default test -->
  </suite> <!-- Default suite -->
</testng-results>
